<?xml version="1.0" encoding="UTF-8"?>
<!-- Generated by org.testng.reporters.JUnitXMLReporter -->
<testsuite hostname="LAPTOP-5F10D1SQ" ignored="0" name="Default test" tests="5" failures="0" timestamp="2021-08-23T20:36:58 IST" time="27.878" errors="0">
  <testcase name="searchByValidProductGetTitle" time="2.911" classname="com.thirtybees.test.HomeTest"/>
  <testcase name="searchInValidProduct" time="2.5" classname="com.thirtybees.test.HomeTest"/>
  <testcase name="validateEmptyCartList" time="2.371" classname="com.thirtybees.test.HomeTest"/>
  <testcase name="verifyLogo" time="0.007" classname="com.thirtybees.test.HomeTest"/>
  <testcase name="verifyTitle" time="0.034" classname="com.thirtybees.test.HomeTest"/>
</testsuite> <!-- Default test -->
